<?xml version="1.0" encoding="UTF-8"?>
<!-- Generated by org.testng.reporters.JUnitReportReporter -->
<testsuite hostname="DESKTOP-V1C8B09" failures="0" tests="1" name="zapoos.Final_Zapoos" time="23.815" errors="0" timestamp="2022-05-26T20:15:28 IST" skipped="0">
  <testcase classname="zapoos.Final_Zapoos" name="module5" time="23.815"/>
  <system-out/>
</testsuite> <!-- zapoos.Final_Zapoos -->
